<?xml version="1.0" encoding="UTF-8"?>
<!-- Generated by org.testng.reporters.JUnitReportReporter -->
<testsuite skipped="0" hostname="computer" name="Academy.ValidateTitle" tests="1" failures="0" timestamp="24 Jun 2019 18:31:23 GMT" time="41.933" errors="0">
  <testcase name="basepageNavigate" time="41.933" classname="Academy.ValidateTitle"/>
</testsuite> <!-- Academy.ValidateTitle -->
