<?xml version="1.0" encoding="UTF-8"?>
<!-- Generated by org.testng.reporters.JUnitReportReporter -->
<testsuite skipped="0" hostname="computer" name="Academy.Homepage" tests="2" failures="0" timestamp="11 Mar 2020 14:31:19 GMT" time="496.914" errors="0">
  <testcase name="basepageNavigate" time="120.424" classname="Academy.Homepage"/>
  <testcase name="basepageNavigate" time="376.490" classname="Academy.Homepage"/>
</testsuite> <!-- Academy.Homepage -->
