<?xml version="1.0" encoding="UTF-8"?>
<!-- Generated by org.testng.reporters.JUnitReportReporter -->
<testsuite skipped="0" hostname="computer" name="Academy.ValidateNavigationBar" tests="1" failures="0" timestamp="24 Jun 2019 18:31:23 GMT" time="51.950" errors="0">
  <testcase name="basepageNavigate" time="51.950" classname="Academy.ValidateNavigationBar"/>
</testsuite> <!-- Academy.ValidateNavigationBar -->
